/*C8*/SET SCHEMA PUBLIC
DELETE FROM USER WHERE ID=180
INSERT INTO USER VALUES(180,'elhe','0e38f81607a04ab8:e33ea7f26443da7c13661a5c58570493f38d0582','','TEACHER','2017-03-09 16:33:08.983000','2017-04-11 15:27:59.222000',NULL,'elhe')
COMMIT
DELETE FROM GROUPS WHERE ID=62
DELETE FROM USER_GROUP WHERE ID=98
DELETE FROM USER_GROUP WHERE ID=99
COMMIT
INSERT INTO PROGRAM VALUES(115,'elhe12',180,42,'<block_set xmlns="http://de.fhg.iais.roberta.blockly" robottype="ev3" xmlversion="2.0" description=""><instance x="273" y="50"><block type="robControls_start" id="f1#GJrz)3mTHz!Aa5kk2" intask="true" deletable="false"><mutation declare="false"></mutation><field name="DEBUG">TRUE</field></block></instance></block_set>','2017-04-11 15:30:36.142000','2017-04-11 15:30:36.142000',NULL,NULL,0,NULL,0)
COMMIT
DELETE FROM PROGRAM WHERE ID=115
COMMIT
INSERT INTO PROGRAM VALUES(116,'elhe12',180,42,'<block_set xmlns="http://de.fhg.iais.roberta.blockly" robottype="ev3" xmlversion="2.0" description=""><instance x="273" y="50"><block type="robControls_start" id="f1#GJrz)3mTHz!Aa5kk2" intask="true" deletable="false"><mutation declare="false"></mutation><field name="DEBUG">TRUE</field></block></instance></block_set>','2017-04-11 15:31:52.401000','2017-04-11 15:31:52.401000',NULL,NULL,0,NULL,0)
COMMIT
DELETE FROM PROGRAM WHERE ID=116
COMMIT
/*C10*/SET SCHEMA PUBLIC
DELETE FROM USER WHERE ID=180
INSERT INTO USER VALUES(180,'elhe','0e38f81607a04ab8:e33ea7f26443da7c13661a5c58570493f38d0582','','TEACHER','2017-03-09 16:33:08.983000','2017-04-11 15:33:08.797000',NULL,'elhe')
COMMIT
INSERT INTO PROGRAM VALUES(117,'elhe12',180,42,'<block_set xmlns="http://de.fhg.iais.roberta.blockly" robottype="ev3" xmlversion="2.0" description=""><instance x="193" y="50"><block type="robControls_start" id="[:_}D9.s@ZRIS7sLvC8o" intask="true" deletable="false"><mutation declare="false"></mutation><field name="DEBUG">TRUE</field></block></instance></block_set>','2017-04-11 15:33:15.150000','2017-04-11 15:33:15.150000',NULL,NULL,0,NULL,0)
COMMIT
DELETE FROM PROGRAM WHERE ID=117
COMMIT
DELETE FROM USER WHERE ID=180
INSERT INTO USER VALUES(180,'elhe','0e38f81607a04ab8:e33ea7f26443da7c13661a5c58570493f38d0582','','TEACHER','2017-03-09 16:33:08.983000','2017-04-11 15:47:09.716000',NULL,'elhe')
COMMIT
INSERT INTO GROUPS VALUES(64,180,'qqq')
INSERT INTO USER_GROUP VALUES(100,64,180)
COMMIT
DELETE FROM GROUPS WHERE ID=64
DELETE FROM USER_GROUP WHERE ID=100
COMMIT
DELETE FROM USER WHERE ID=180
INSERT INTO USER VALUES(180,'elhe','0e38f81607a04ab8:e33ea7f26443da7c13661a5c58570493f38d0582','','TEACHER','2017-03-09 16:33:08.983000','2017-04-11 15:48:22.389000',NULL,'elhe')
COMMIT
INSERT INTO GROUPS VALUES(65,180,'elhe12')
INSERT INTO USER_GROUP VALUES(101,65,180)
COMMIT
DELETE FROM GROUPS WHERE ID=65
DELETE FROM USER_GROUP WHERE ID=101
COMMIT
INSERT INTO GROUPS VALUES(66,180,'elhe12')
INSERT INTO USER_GROUP VALUES(102,66,180)
COMMIT
DELETE FROM GROUPS WHERE ID=66
DELETE FROM USER_GROUP WHERE ID=102
COMMIT
DELETE FROM USER WHERE ID=180
INSERT INTO USER VALUES(180,'elhe','0e38f81607a04ab8:e33ea7f26443da7c13661a5c58570493f38d0582','','TEACHER','2017-03-09 16:33:08.983000','2017-04-11 15:50:47.289000',NULL,'elhe')
COMMIT
INSERT INTO GROUPS VALUES(67,180,'qqq')
INSERT INTO USER_GROUP VALUES(103,67,180)
COMMIT
DELETE FROM GROUPS WHERE ID=67
DELETE FROM USER_GROUP WHERE ID=103
COMMIT
DELETE FROM GROUPS WHERE ID=58
DELETE FROM USER_GROUP WHERE ID=87
COMMIT
DELETE FROM USER WHERE ID=180
INSERT INTO USER VALUES(180,'elhe','0e38f81607a04ab8:e33ea7f26443da7c13661a5c58570493f38d0582','','TEACHER','2017-03-09 16:33:08.983000','2017-04-11 15:54:21.700000',NULL,'elhe')
COMMIT
INSERT INTO GROUPS VALUES(68,180,'qwersa')
INSERT INTO USER_GROUP VALUES(104,68,180)
COMMIT
INSERT INTO GROUPS VALUES(69,180,'qqq')
INSERT INTO USER_GROUP VALUES(105,69,180)
COMMIT
DELETE FROM GROUPS WHERE ID=69
DELETE FROM USER_GROUP WHERE ID=105
COMMIT
DELETE FROM USER WHERE ID=180
INSERT INTO USER VALUES(180,'elhe','0e38f81607a04ab8:e33ea7f26443da7c13661a5c58570493f38d0582','','TEACHER','2017-03-09 16:33:08.983000','2017-04-11 15:56:09.253000',NULL,'elhe')
COMMIT
INSERT INTO GROUPS VALUES(70,180,'qqq')
INSERT INTO USER_GROUP VALUES(106,70,180)
COMMIT
DELETE FROM GROUPS WHERE ID=70
DELETE FROM USER_GROUP WHERE ID=106
COMMIT
DELETE FROM USER WHERE ID=180
INSERT INTO USER VALUES(180,'elhe','0e38f81607a04ab8:e33ea7f26443da7c13661a5c58570493f38d0582','','TEACHER','2017-03-09 16:33:08.983000','2017-04-11 15:58:08.915000',NULL,'elhe')
COMMIT
INSERT INTO GROUPS VALUES(71,180,'qqq')
INSERT INTO USER_GROUP VALUES(107,71,180)
COMMIT
DELETE FROM GROUPS WHERE ID=71
DELETE FROM USER_GROUP WHERE ID=107
COMMIT
INSERT INTO USER_GROUP VALUES(108,28,181)
COMMIT
DELETE FROM USER_GROUP WHERE ID=108
COMMIT
DELETE FROM USER WHERE ID=180
INSERT INTO USER VALUES(180,'elhe','0e38f81607a04ab8:e33ea7f26443da7c13661a5c58570493f38d0582','','TEACHER','2017-03-09 16:33:08.983000','2017-04-11 16:01:19.929000',NULL,'elhe')
COMMIT
INSERT INTO USER_GROUP VALUES(109,28,181)
COMMIT
DELETE FROM USER_GROUP WHERE ID=109
COMMIT
INSERT INTO USER_GROUP VALUES(110,28,181)
COMMIT
DELETE FROM USER_GROUP WHERE ID=110
COMMIT
DELETE FROM USER WHERE ID=180
INSERT INTO USER VALUES(180,'elhe','0e38f81607a04ab8:e33ea7f26443da7c13661a5c58570493f38d0582','','TEACHER','2017-03-09 16:33:08.983000','2017-04-11 16:02:22.816000',NULL,'elhe')
COMMIT
INSERT INTO USER_GROUP VALUES(111,28,181)
COMMIT
DELETE FROM USER_GROUP WHERE ID=111
COMMIT
INSERT INTO USER_GROUP VALUES(112,28,181)
COMMIT
DELETE FROM USER_GROUP WHERE ID=112
COMMIT
DELETE FROM USER WHERE ID=180
INSERT INTO USER VALUES(180,'elhe','0e38f81607a04ab8:e33ea7f26443da7c13661a5c58570493f38d0582','','TEACHER','2017-03-09 16:33:08.983000','2017-04-11 16:04:23.886000',NULL,'elhe')
COMMIT
INSERT INTO USER_GROUP VALUES(113,28,181)
COMMIT
DELETE FROM USER_GROUP WHERE ID=113
COMMIT
DELETE FROM USER WHERE ID=180
INSERT INTO USER VALUES(180,'elhe','0e38f81607a04ab8:e33ea7f26443da7c13661a5c58570493f38d0582','','TEACHER','2017-03-09 16:33:08.983000','2017-04-11 16:07:21.929000',NULL,'elhe')
COMMIT
/*C12*/SET SCHEMA PUBLIC
DELETE FROM USER WHERE ID=180
INSERT INTO USER VALUES(180,'elhe','0e38f81607a04ab8:e33ea7f26443da7c13661a5c58570493f38d0582','','TEACHER','2017-03-09 16:33:08.983000','2017-04-11 16:07:21.929000',NULL,'elhe')
COMMIT
INSERT INTO USER_GROUP VALUES(114,28,181)
COMMIT
DELETE FROM USER_GROUP WHERE ID=114
COMMIT
DELETE FROM USER WHERE ID=180
INSERT INTO USER VALUES(180,'elhe','0e38f81607a04ab8:e33ea7f26443da7c13661a5c58570493f38d0582','','TEACHER','2017-03-09 16:33:08.983000','2017-04-11 16:08:26.142000',NULL,'elhe')
COMMIT
INSERT INTO USER_GROUP VALUES(115,28,181)
COMMIT
DELETE FROM USER_GROUP WHERE ID=115
COMMIT
/*C10*/DELETE FROM USER WHERE ID=180
INSERT INTO USER VALUES(180,'elhe','0e38f81607a04ab8:e33ea7f26443da7c13661a5c58570493f38d0582','','TEACHER','2017-03-09 16:33:08.983000','2017-04-11 16:09:25.791000',NULL,'elhe')
COMMIT
/*C11*/SET SCHEMA PUBLIC
DELETE FROM USER WHERE ID=180
INSERT INTO USER VALUES(180,'elhe','0e38f81607a04ab8:e33ea7f26443da7c13661a5c58570493f38d0582','','TEACHER','2017-03-09 16:33:08.983000','2017-04-11 16:09:25.793000',NULL,'elhe')
COMMIT
/*C9*/SET SCHEMA PUBLIC
DELETE FROM USER WHERE ID=180
INSERT INTO USER VALUES(180,'elhe','0e38f81607a04ab8:e33ea7f26443da7c13661a5c58570493f38d0582','','TEACHER','2017-03-09 16:33:08.983000','2017-04-11 16:09:26.105000',NULL,'elhe')
COMMIT
/*C12*/INSERT INTO USER_GROUP VALUES(116,28,181)
COMMIT
DELETE FROM USER_GROUP WHERE ID=116
COMMIT
INSERT INTO USER_GROUP VALUES(117,28,181)
COMMIT
DELETE FROM USER_GROUP WHERE ID=117
COMMIT
INSERT INTO USER_GROUP VALUES(118,28,181)
COMMIT
INSERT INTO GROUPS VALUES(72,180,'qqq')
INSERT INTO USER_GROUP VALUES(119,72,180)
COMMIT
INSERT INTO GROUPS VALUES(73,180,'12321')
INSERT INTO USER_GROUP VALUES(120,73,180)
COMMIT
DELETE FROM GROUPS WHERE ID=73
DELETE FROM USER_GROUP WHERE ID=120
COMMIT
DELETE FROM GROUPS WHERE ID=72
DELETE FROM USER_GROUP WHERE ID=119
COMMIT
DELETE FROM USER WHERE ID=180
INSERT INTO USER VALUES(180,'elhe','0e38f81607a04ab8:e33ea7f26443da7c13661a5c58570493f38d0582','','TEACHER','2017-03-09 16:33:08.983000','2017-04-11 16:20:36.641000',NULL,'elhe')
COMMIT
DELETE FROM USER_GROUP WHERE ID=118
COMMIT
INSERT INTO USER_GROUP VALUES(121,28,181)
COMMIT
DELETE FROM USER_GROUP WHERE ID=121
COMMIT
DELETE FROM USER WHERE ID=180
INSERT INTO USER VALUES(180,'elhe','0e38f81607a04ab8:e33ea7f26443da7c13661a5c58570493f38d0582','','TEACHER','2017-03-09 16:33:08.983000','2017-04-11 16:21:25.371000',NULL,'elhe')
COMMIT
INSERT INTO GROUPS VALUES(74,180,'qqq')
INSERT INTO USER_GROUP VALUES(122,74,180)
COMMIT
INSERT INTO USER_GROUP VALUES(123,28,181)
COMMIT
DELETE FROM USER_GROUP WHERE ID=123
COMMIT
INSERT INTO USER_GROUP VALUES(124,28,181)
COMMIT
/*C8*/DELETE FROM USER WHERE ID=180
INSERT INTO USER VALUES(180,'elhe','0e38f81607a04ab8:e33ea7f26443da7c13661a5c58570493f38d0582','','TEACHER','2017-03-09 16:33:08.983000','2017-04-11 16:27:13.604000',NULL,'elhe')
COMMIT
DELETE FROM GROUPS WHERE ID=74
DELETE FROM USER_GROUP WHERE ID=122
COMMIT
INSERT INTO GROUPS VALUES(75,180,'elhe12')
INSERT INTO USER_GROUP VALUES(125,75,180)
COMMIT
DELETE FROM GROUPS WHERE ID=75
DELETE FROM USER_GROUP WHERE ID=125
COMMIT
INSERT INTO GROUPS VALUES(76,180,'qqq')
INSERT INTO USER_GROUP VALUES(126,76,180)
COMMIT
DELETE FROM USER_GROUP WHERE ID=124
COMMIT
INSERT INTO USER_GROUP VALUES(127,28,181)
COMMIT
DELETE FROM USER WHERE ID=180
INSERT INTO USER VALUES(180,'elhe','0e38f81607a04ab8:e33ea7f26443da7c13661a5c58570493f38d0582','','TEACHER','2017-03-09 16:33:08.983000','2017-04-11 16:32:02.890000',NULL,'elhe')
COMMIT
DELETE FROM GROUPS WHERE ID=76
DELETE FROM USER_GROUP WHERE ID=126
COMMIT
INSERT INTO PROGRAM VALUES(118,'elhe12',180,42,'<block_set xmlns="http://de.fhg.iais.roberta.blockly" robottype="ev3" xmlversion="2.0" description=""><instance x="196" y="50"><block type="robControls_start" id="pJG[?w3ge[%)])J5ig{y" intask="true" deletable="false"><mutation declare="false"></mutation><field name="DEBUG">TRUE</field></block></instance></block_set>','2017-04-11 16:34:21.743000','2017-04-11 16:34:21.743000',NULL,NULL,0,NULL,0)
COMMIT
DELETE FROM USER WHERE ID=180
INSERT INTO USER VALUES(180,'elhe','0e38f81607a04ab8:e33ea7f26443da7c13661a5c58570493f38d0582','','TEACHER','2017-03-09 16:33:08.983000','2017-04-11 16:36:50.470000',NULL,'elhe')
COMMIT
DELETE FROM USER WHERE ID=180
INSERT INTO USER VALUES(180,'elhe','0e38f81607a04ab8:e33ea7f26443da7c13661a5c58570493f38d0582','','TEACHER','2017-03-09 16:33:08.983000','2017-04-11 16:39:25.827000',NULL,'elhe')
COMMIT
INSERT INTO GROUPS VALUES(77,180,'qqq')
INSERT INTO USER_GROUP VALUES(128,77,180)
COMMIT
