/*C3*/SET SCHEMA PUBLIC
create table GROUPS (\u000a  ID INTEGER not null generated by default as identity (start with 1),\u000a  OWNER_ID INTEGER,\u000a  NAME varchar(255) not null,\u000a  primary key (ID)\u000a)
create unique index groupsIdx on GROUPS(NAME)
create table USER_GROUP (\u000a  ID INTEGER not null generated by default as identity (start with 1),\u000a  GROUPS_ID INTEGER not null,\u000a  USER_ID INTEGER not null,\u000a  primary key (ID),\u000a  foreign key (USER_ID) references USER(ID) ON DELETE CASCADE, \u000a  foreign key (GROUPS_ID) references GROUPS(ID) ON DELETE CASCADE\u000a)
INSERT INTO GROUPS VALUES(1,1,'TestGroup')
COMMIT
INSERT INTO GROUPS VALUES(2,1,'TestGroup1')
COMMIT
INSERT INTO GROUPS VALUES(3,1,'TestGroup2')
COMMIT
INSERT INTO GROUPS VALUES(4,1,'TestGroup3')
COMMIT
INSERT INTO GROUPS VALUES(5,1,'TestGroup4')
COMMIT
INSERT INTO GROUPS VALUES(6,2,'TestGroup137')
COMMIT
INSERT INTO GROUPS VALUES(7,2,'TestGroup138')
COMMIT
INSERT INTO USER_GROUP VALUES(1,1,1)
COMMIT
INSERT INTO USER_GROUP VALUES(2,2,1)
COMMIT
DISCONNECT
